c:\users\isain\desktop\cargamodelos\debug\vc143.pdb
c:\users\isain\desktop\cargamodelos\debug\vc143.idb
c:\users\isain\desktop\cargamodelos\debug\window.obj
c:\users\isain\desktop\cargamodelos\debug\sphere.obj
c:\users\isain\desktop\cargamodelos\debug\proyecto.obj
c:\users\isain\desktop\cargamodelos\debug\texture.obj
c:\users\isain\desktop\cargamodelos\debug\spotlight.obj
c:\users\isain\desktop\cargamodelos\debug\skybox.obj
c:\users\isain\desktop\cargamodelos\debug\shader_light.obj
c:\users\isain\desktop\cargamodelos\debug\pointlight.obj
c:\users\isain\desktop\cargamodelos\debug\model.obj
c:\users\isain\desktop\cargamodelos\debug\mesh_tn.obj
c:\users\isain\desktop\cargamodelos\debug\material.obj
c:\users\isain\desktop\cargamodelos\debug\light.obj
c:\users\isain\desktop\cargamodelos\debug\directionallight.obj
c:\users\isain\desktop\cargamodelos\debug\camera.obj
c:\users\isain\desktop\cargamodelos\debug\proyecto.exe
c:\users\isain\desktop\cargamodelos\debug\proyecto.ilk
c:\users\isain\desktop\cargamodelos\debug\proyecto.pdb
c:\users\isain\desktop\cargamodelos\debug\cargamodelos.obj
c:\users\isain\desktop\cargamodelos\debug\iluminacion.obj
c:\users\isain\desktop\cargamodelos\debug\iluminacion.obj.enc
c:\users\isain\desktop\cargamodelos\debug\cargamodelos.ilk
c:\users\isain\desktop\cargamodelos\debug\proyecto.tlog\cl.command.1.tlog
c:\users\isain\desktop\cargamodelos\debug\proyecto.tlog\cl.read.1.tlog
c:\users\isain\desktop\cargamodelos\debug\proyecto.tlog\cl.write.1.tlog
c:\users\isain\desktop\cargamodelos\debug\proyecto.tlog\link.command.1.tlog
c:\users\isain\desktop\cargamodelos\debug\proyecto.tlog\link.read.1.tlog
c:\users\isain\desktop\cargamodelos\debug\proyecto.tlog\link.write.1.tlog
