C:\Program Files\Microsoft Visual Studio\2022\Community\MSBuild\Microsoft\VC\v170\Microsoft.CppBuild.targets(514,5): warning MSB8028: El directorio intermedio (x64\Debug\) contiene archivos compartidos de otro proyecto (CargaModelos.vcxproj). Esto puede dar lugar a un comportamiento incorrecto de limpieza y recompilación.
  Camera.cpp
C:\Users\Isain\Desktop\CargaModelos\Camera.h(3,10): fatal error C1083: No se puede abrir el archivo incluir: 'glew.h': No such file or directory
  DirectionalLight.cpp
C:\Users\Isain\Desktop\CargaModelos\Light.h(3,10): fatal error C1083: No se puede abrir el archivo incluir: 'glew.h': No such file or directory
  Light.cpp
C:\Users\Isain\Desktop\CargaModelos\Light.h(3,10): fatal error C1083: No se puede abrir el archivo incluir: 'glew.h': No such file or directory
  Material.cpp
C:\Users\Isain\Desktop\CargaModelos\Material.h(3,10): fatal error C1083: No se puede abrir el archivo incluir: 'glew.h': No such file or directory
  Mesh_tn.cpp
C:\Users\Isain\Desktop\CargaModelos\Mesh.h(3,10): fatal error C1083: No se puede abrir el archivo incluir: 'glew.h': No such file or directory
  Model.cpp
C:\Users\Isain\Desktop\CargaModelos\Model.h(4,9): fatal error C1083: No se puede abrir el archivo incluir: 'assimp/Importer.hpp': No such file or directory
  PointLight.cpp
C:\Users\Isain\Desktop\CargaModelos\Light.h(3,10): fatal error C1083: No se puede abrir el archivo incluir: 'glew.h': No such file or directory
  Shader_light.cpp
C:\Users\Isain\Desktop\CargaModelos\Shader_light.h(7,10): fatal error C1083: No se puede abrir el archivo incluir: 'glew.h': No such file or directory
  Skybox.cpp
C:\Users\Isain\Desktop\CargaModelos\Skybox.h(6,9): fatal error C1083: No se puede abrir el archivo incluir: 'glew.h': No such file or directory
  Proyecto.cpp
C:\Users\Isain\Desktop\CargaModelos\Proyecto.cpp(15,10): fatal error C1083: No se puede abrir el archivo incluir: 'glew.h': No such file or directory
  Sphere.cpp
C:\Users\Isain\Desktop\CargaModelos\definition.h(11,10): fatal error C1083: No se puede abrir el archivo incluir: 'glm.hpp': No such file or directory
  SpotLight.cpp
C:\Users\Isain\Desktop\CargaModelos\Light.h(3,10): fatal error C1083: No se puede abrir el archivo incluir: 'glew.h': No such file or directory
  Texture.cpp
C:\Users\Isain\Desktop\CargaModelos\Texture.h(2,9): fatal error C1083: No se puede abrir el archivo incluir: 'glew.h': No such file or directory
  Window.cpp
C:\Users\Isain\Desktop\CargaModelos\Window.h(3,9): fatal error C1083: No se puede abrir el archivo incluir: 'glew.h': No such file or directory
  Generando código...
